build/app/intermediates/proguard-rules/release/aapt_rules.txt
# Referenced at processReleaseManifest\merged\AndroidManifest.xml:27
-keep class com.moprog.pexelsprojects.MainActivity { <init>(...); }
# Referenced at processReleaseManifest\merged\AndroidManifest.xml:66
-keep class com.mulgundkar.wallpaper_manager.EmbeddingV1Activity { <init>(...); }
# Referenced at processReleaseManifest\merged\AndroidManifest.xml:62
-keep class io.flutter.plugins.urllauncher.WebViewActivity { <init>(...); }