build/app/outputs/mapping/r8/release/mapping.txt
# compiler: R8
# compiler_version: 1.2.49
# min_api: 24
com.moprog.pexelsprojects.MainActivity -> com.moprog.pexelsprojects.MainActivity:
...
androidx.versionedparcelable.VersionedParcel -> androidx.versionedparcelable.b:
    androidx.collection.ArrayMap mParcelizerCache -> c
    androidx.collection.ArrayMap mReadCache -> a
    androidx.collection.ArrayMap mWriteCache -> b
    java.lang.Class findParcelClass(java.lang.Class) -> b
    java.lang.reflect.Method getReadMethod(java.lang.String) -> b
    java.lang.reflect.Method getWriteMethod(java.lang.Class) -> a
    void writeVersionedParcelableCreator(androidx.versionedparcelable.VersionedParcelable) -> b
    android.os.Parcelable readParcelable() -> h
    android.os.Parcelable readParcelable(android.os.Parcelable,int) -> b
    androidx.versionedparcelable.VersionedParcel createSubParcel() -> c
    androidx.versionedparcelable.VersionedParcelable readFromParcel(java.lang.String,androidx.versionedparcelable.VersionedParcel) -> a
    androidx.versionedparcelable.VersionedParcelable readVersionedParcelable() -> j
    androidx.versionedparcelable.VersionedParcelable readVersionedParcelable(androidx.versionedparcelable.VersionedParcelable,int) -> b
    boolean isStream() -> a
    boolean readBoolean() -> i
    boolean readBoolean(boolean,int) -> b
    boolean readField(int) -> b
    byte[] readByteArray() -> f
    byte[] readByteArray(byte[],int) -> b
    int readInt() -> d
    int readInt(int,int) -> b
    java.lang.CharSequence readCharSequence() -> g
    java.lang.CharSequence readCharSequence(java.lang.CharSequence,int) -> b
    java.lang.String readString() -> e
androidx.versionedparcelable.VersionedParcelParcel -> androidx.versionedparcelable.c:
    android.os.Parcel mParcel -> e
    android.util.SparseIntArray mPositionLookup -> d
    int mCurrentField -> i
    int mEnd -> g
    int mFieldId -> k
    int mNextRead -> j
    int mOffset -> f
    java.lang.String mPrefix -> h
    android.os.Parcelable readParcelable() -> h
    androidx.versionedparcelable.VersionedParcel createSubParcel() -> c
    boolean readBoolean() -> i
    boolean readField(int) -> b
    byte[] readByteArray() -> f
    int readInt() -> d
    java.lang.CharSequence readCharSequence() -> g
    java.lang.String readString() -> e
    void closeField() -> b
    void setOutputField(int) -> c
    void writeBoolean(boolean) -> a
    void writeByteArray(byte[]) -> a
    void writeCharSequence(java.lang.CharSequence) -> a
    void writeInt(int) -> a
    void writeParcelable(android.os.Parcelable) -> a
    void writeString(java.lang.String) -> a
androidx.versionedparcelable.VersionedParcelable -> androidx.versionedparcelable.d:
com.baseflow.permissionhandler.-$$Lambda$MethodCallHandlerImpl$B7Zy9ehy2f7eReOcDNl0vEDnQNM -> b.a.a.a:
    io.flutter.plugin.common.MethodChannel$Result f$0 -> a
    void onError(java.lang.String,java.lang.String) -> a
com.baseflow.permissionhandler.-$$Lambda$PermissionManager$3imiXt8xVQwDRBMPJBMF7a3TfHw -> b.a.a.b:
    com.baseflow.permissionhandler.PermissionManager f$0 -> a
    com.baseflow.permissionhandler.PermissionManager$ResultCallback f$1 -> b
    void onResult(java.util.Map) -> a
com.baseflow.permissionhandler.-$$Lambda$jaw25RjOC1MkCtj_GrUMa_Xm3HE -> b.a.a.c:
    io.flutter.plugin.common.MethodChannel$Result f$0 -> a
    void onResult(java.util.Map) -> a
com.baseflow.permissionhandler.-$$Lambda$rOyg1Wi6vWVUV2448-HhC4KsVuk -> b.a.a.d:
    io.flutter.embedding.engine.plugins.activity.ActivityPluginBinding f$0 -> a
    void addListener(io.flutter.plugin.common.PluginRegistry$RequestPermissionsResultListener) -> a
com.baseflow.permissionhandler.-$$Lambda$sBX9xOXZL-IyslP1RzvV3CSTujA -> b.a.a.e:
    io.flutter.embedding.engine.plugins.activity.ActivityPluginBinding f$0 -> a
    void addListener(io.flutter.plugin.common.PluginRegistry$ActivityResultListener) -> a
com.baseflow.permissionhandler.AppSettingsManager -> b.a.a.f:
    boolean openAppSettings(android.content.Context) -> a